<?xml version="1.0" encoding="UTF-8"?>
<!-- Generated by org.testng.reporters.JUnitXMLReporter -->
<testsuite hostname="Amruthas-MacBook-Air.local" name="Command line test" tests="11" failures="5" timestamp="9 Dec 2019 20:35:56 GMT" time="5.324" errors="0">
  <testcase name="deleteRecord" time="1.975" classname="com.apex.customerServiceTest.DeleteTest">
    <failure type="java.lang.AssertionError" message="expected [200] but found [404]">
      <![CDATA[java.lang.AssertionError: expected [200] but found [404]
	at com.apex.api.core.ApexHttpValidator.performCommonResponseValidations(ApexHttpValidator.java:8)
	at com.apex.customerServiceTest.DeleteTest.deleteRecord(DeleteTest.java:21)
... Removed 40 stack frames]]>
    </failure>
  </testcase> <!-- deleteRecord -->
  <testcase name="testwithAsterik" time="0.463" classname="com.apex.customerServiceTest.GetTest"/>
  <testcase name="testwithHashSymbol" time="0.004" classname="com.apex.customerServiceTest.GetTest">
    <failure type="java.lang.IllegalArgumentException" message="Illegal character in fragment at index 46: http://www.thomas-bayer.com/sqlrest/CUSTOMER/##">
      <![CDATA[java.lang.IllegalArgumentException: Illegal character in fragment at index 46: http://www.thomas-bayer.com/sqlrest/CUSTOMER/##
	at java.net.URI.create(URI.java:852)
	at org.apache.http.client.methods.HttpGet.<init>(HttpGet.java:66)
	at com.apex.api.core.ApexHttpUtil.sendAndReceiveGETMessage(ApexHttpUtil.java:33)
	at com.apex.customerServiceTest.GetTest.testwithHashSymbol(GetTest.java:73)
Caused by: java.net.URISyntaxException: Illegal character in fragment at index 46: http://www.thomas-bayer.com/sqlrest/CUSTOMER/##
	at java.net.URI$Parser.fail(URI.java:2848)
	at java.net.URI$Parser.checkChars(URI.java:3021)
	at java.net.URI$Parser.parse(URI.java:3067)
	at java.net.URI.<init>(URI.java:588)
	at java.net.URI.create(URI.java:850)
	... 37 more
... Removed 34 stack frames]]>
    </failure>
  </testcase> <!-- testwithHashSymbol -->
  <testcase name="testwithInvalidData" time="0.399" classname="com.apex.customerServiceTest.GetTest"/>
  <testcase name="testwithNegativeNumber" time="0.381" classname="com.apex.customerServiceTest.GetTest"/>
  <testcase name="testwithPositiveNumber" time="0.386" classname="com.apex.customerServiceTest.GetTest">
    <failure type="java.lang.AssertionError" message="expected [200] but found [404]">
      <![CDATA[java.lang.AssertionError: expected [200] but found [404]
	at com.apex.api.core.ApexHttpValidator.performCommonResponseValidations(ApexHttpValidator.java:8)
	at com.apex.customerServiceTest.GetTest.testwithPositiveNumber(GetTest.java:21)
... Removed 40 stack frames]]>
    </failure>
  </testcase> <!-- testwithPositiveNumber -->
  <testcase name="testwithSpace" time="0.002" classname="com.apex.customerServiceTest.GetTest">
    <failure type="java.lang.IllegalArgumentException" message="Illegal character in path at index 45: http://www.thomas-bayer.com/sqlrest/CUSTOMER/  ">
      <![CDATA[java.lang.IllegalArgumentException: Illegal character in path at index 45: http://www.thomas-bayer.com/sqlrest/CUSTOMER/  
	at java.net.URI.create(URI.java:852)
	at org.apache.http.client.methods.HttpGet.<init>(HttpGet.java:66)
	at com.apex.api.core.ApexHttpUtil.sendAndReceiveGETMessage(ApexHttpUtil.java:33)
	at com.apex.customerServiceTest.GetTest.testwithSpace(GetTest.java:52)
Caused by: java.net.URISyntaxException: Illegal character in path at index 45: http://www.thomas-bayer.com/sqlrest/CUSTOMER/  
	at java.net.URI$Parser.fail(URI.java:2848)
	at java.net.URI$Parser.checkChars(URI.java:3021)
	at java.net.URI$Parser.parseHierarchical(URI.java:3105)
	at java.net.URI$Parser.parse(URI.java:3053)
	at java.net.URI.<init>(URI.java:588)
	at java.net.URI.create(URI.java:850)
	... 37 more
... Removed 34 stack frames]]>
    </failure>
  </testcase> <!-- testwithSpace -->
  <testcase name="testwithSpecialCharacters" time="0.385" classname="com.apex.customerServiceTest.GetTest"/>
  <testcase name="testwithZeroes" time="0.385" classname="com.apex.customerServiceTest.GetTest">
    <failure type="java.lang.AssertionError" message="expected [200] but found [404]">
      <![CDATA[java.lang.AssertionError: expected [200] but found [404]
	at com.apex.api.core.ApexHttpValidator.performCommonResponseValidations(ApexHttpValidator.java:8)
	at com.apex.customerServiceTest.GetTest.testwithZeroes(GetTest.java:60)
... Removed 40 stack frames]]>
    </failure>
  </testcase> <!-- testwithZeroes -->
  <testcase name="sendPOST" time="0.39" classname="com.apex.customerServiceTest.PostTest"/>
  <testcase name="updatePositiveNumberWithPut" time="0.41" classname="com.apex.customerServiceTest.PutTest"/>
</testsuite> <!-- Command line test -->
