<?xml version="1.0" encoding="UTF-8"?>
<testng-results skipped="0" failed="0" ignored="0" total="1" passed="1">
  <reporter-output>
  </reporter-output>
  <suite name="Default suite" duration-ms="2785" started-at="2019-11-29T00:05:10Z" finished-at="2019-11-29T00:05:13Z">
    <groups>
    </groups>
    <test name="Default test" duration-ms="2785" started-at="2019-11-29T00:05:10Z" finished-at="2019-11-29T00:05:13Z">
      <class name="datadriventesting.DataDrivenTest_AddNewEmplyees">
        <test-method status="PASS" signature="postNewEmployees()[pri:0, instance:datadriventesting.DataDrivenTest_AddNewEmplyees@46d56d67]" name="postNewEmployees" duration-ms="2738" started-at="2019-11-29T00:05:10Z" finished-at="2019-11-29T00:05:13Z">
          <reporter-output>
          </reporter-output>
        </test-method> <!-- postNewEmployees -->
      </class> <!-- datadriventesting.DataDrivenTest_AddNewEmplyees -->
    </test> <!-- Default test -->
  </suite> <!-- Default suite -->
</testng-results>
