<?xml version="1.0" encoding="UTF-8"?>
<!-- Generated by org.testng.reporters.JUnitXMLReporter -->
<testsuite hostname="Amruthas-MacBook-Air.local" name="Command line test" tests="6" failures="1" timestamp="6 Dec 2019 07:47:28 GMT" time="3.713" errors="0">
  <testcase name="testwithInvalidData" time="1.303" classname="com.apex.customerServiceTest.GetTest"/>
  <testcase name="testwithNegativeNumber" time="0.384" classname="com.apex.customerServiceTest.GetTest"/>
  <testcase name="testwithPositiveNumber" time="0.387" classname="com.apex.customerServiceTest.GetTest">
    <failure type="java.lang.AssertionError" message="expected [200] but found [404]">
      <![CDATA[java.lang.AssertionError: expected [200] but found [404]
	at com.apex.customerServiceTest.GetTest.testwithPositiveNumber(GetTest.java:26)
... Removed 40 stack frames]]>
    </failure>
  </testcase> <!-- testwithPositiveNumber -->
  <testcase name="testwithSpecialCharacters" time="0.385" classname="com.apex.customerServiceTest.GetTest"/>
  <testcase name="sendPOST" time="0.766" classname="com.apex.customerServiceTest.PostTest"/>
  <testcase name="testwithPositiveNumberPut" time="0.46" classname="com.apex.customerServiceTest.PutTest"/>
</testsuite> <!-- Command line test -->
