<?xml version="1.0" encoding="UTF-8"?>
<testng-results skipped="0" failed="0" total="1" passed="1">
  <reporter-output>
  </reporter-output>
  <suite name="Default suite" duration-ms="4555" started-at="2019-12-06T23:49:50Z" finished-at="2019-12-06T23:49:55Z">
    <groups>
    </groups>
    <test name="Default test" duration-ms="4555" started-at="2019-12-06T23:49:50Z" finished-at="2019-12-06T23:49:55Z">
      <class name="com.apex.customerServiceTest.PutTest">
        <test-method status="PASS" signature="testwithPositiveNumberPut()[pri:0, instance:com.apex.customerServiceTest.PutTest@5f375618]" name="testwithPositiveNumberPut" duration-ms="4512" started-at="2019-12-06T15:49:50Z" finished-at="2019-12-06T15:49:55Z">
          <reporter-output>
          </reporter-output>
        </test-method> <!-- testwithPositiveNumberPut -->
      </class> <!-- com.apex.customerServiceTest.PutTest -->
    </test> <!-- Default test -->
  </suite> <!-- Default suite -->
</testng-results>
