<?xml version="1.0" encoding="UTF-8"?>
<testng-results skipped="0" failed="0" total="1" passed="1">
  <reporter-output>
  </reporter-output>
  <suite name="Default suite" duration-ms="5053" started-at="2019-11-26T01:56:54Z" finished-at="2019-11-26T01:56:59Z">
    <groups>
    </groups>
    <test name="Default test" duration-ms="5053" started-at="2019-11-26T01:56:54Z" finished-at="2019-11-26T01:56:59Z">
      <class name="com.qa.tests.PostAPITest">
        <test-method status="PASS" signature="setUp()[pri:0, instance:com.qa.tests.PostAPITest@5dfcfece]" name="setUp" is-config="true" duration-ms="15" started-at="2019-11-25T17:56:54Z" finished-at="2019-11-25T17:56:54Z">
          <reporter-output>
          </reporter-output>
        </test-method> <!-- setUp -->
        <test-method status="PASS" signature="postAPITest()[pri:0, instance:com.qa.tests.PostAPITest@5dfcfece]" name="postAPITest" duration-ms="4941" started-at="2019-11-25T17:56:54Z" finished-at="2019-11-25T17:56:59Z">
          <reporter-output>
          </reporter-output>
        </test-method> <!-- postAPITest -->
      </class> <!-- com.qa.tests.PostAPITest -->
    </test> <!-- Default test -->
  </suite> <!-- Default suite -->
</testng-results>
