<?xml version="1.0" encoding="UTF-8" ?>
<testsuite tests="11" failures="5" name="TestSuite" time="5.235" errors="0" skipped="0">
  <properties>
[...]
</properties>
  <testcase classname="com.apex.customerServiceTest.DeleteTest" name="deleteRecord" time="2.02">
    <failure message="expected [200] but found [404]" type="java.lang.AssertionError">java.lang.AssertionError: expected [200] but found [404]
	at org.testng.Assert.fail(Assert.java:94)
	at org.testng.Assert.failNotEquals(Assert.java:513)
	at org.testng.Assert.assertEqualsImpl(Assert.java:135)
	at org.testng.Assert.assertEquals(Assert.java:116)
	at org.testng.Assert.assertEquals(Assert.java:389)
	at org.testng.Assert.assertEquals(Assert.java:399)
	at com.apex.api.core.ApexHttpValidator.performCommonResponseValidations(ApexHttpValidator.java:8)
	at com.apex.customerServiceTest.DeleteTest.deleteRecord(DeleteTest.java:21)
</failure>
    <system-out>Configuring TestNG with: org.apache.maven.surefire.testng.conf.TestNG652Configurator@41a4555e
</system-out>
    <system-err>log4j:WARN No appenders could be found for logger (org.apache.http.client.protocol.RequestAddCookies).
log4j:WARN Please initialize the log4j system properly.
</system-err>
  </testcase>
  <testcase classname="com.apex.customerServiceTest.GetTest" name="testwithAsterik" time="0.464"/>
  <testcase classname="com.apex.customerServiceTest.GetTest" name="testwithHashSymbol" time="0.006">
    <failure message="Illegal character in fragment at index 46: http://www.thomas-bayer.com/sqlrest/CUSTOMER/##" type="java.lang.IllegalArgumentException">java.lang.IllegalArgumentException: Illegal character in fragment at index 46: http://www.thomas-bayer.com/sqlrest/CUSTOMER/##
	at java.net.URI.create(URI.java:852)
	at org.apache.http.client.methods.HttpGet.&lt;init&gt;(HttpGet.java:66)
	at com.apex.api.core.ApexHttpUtil.sendAndReceiveGETMessage(ApexHttpUtil.java:33)
	at com.apex.customerServiceTest.GetTest.testwithHashSymbol(GetTest.java:73)
Caused by: java.net.URISyntaxException: Illegal character in fragment at index 46: http://www.thomas-bayer.com/sqlrest/CUSTOMER/##
	at java.net.URI$Parser.fail(URI.java:2848)
	at java.net.URI$Parser.checkChars(URI.java:3021)
	at java.net.URI$Parser.parse(URI.java:3067)
	at java.net.URI.&lt;init&gt;(URI.java:588)
	at java.net.URI.create(URI.java:850)
	... 37 more
</failure>
  </testcase>
  <testcase classname="com.apex.customerServiceTest.GetTest" name="testwithInvalidData" time="0.401"/>
  <testcase classname="com.apex.customerServiceTest.GetTest" name="testwithNegativeNumber" time="0.38"/>
  <testcase classname="com.apex.customerServiceTest.GetTest" name="testwithPositiveNumber" time="0.387">
    <failure message="expected [200] but found [404]" type="java.lang.AssertionError">java.lang.AssertionError: expected [200] but found [404]
	at org.testng.Assert.fail(Assert.java:94)
	at org.testng.Assert.failNotEquals(Assert.java:513)
	at org.testng.Assert.assertEqualsImpl(Assert.java:135)
	at org.testng.Assert.assertEquals(Assert.java:116)
	at org.testng.Assert.assertEquals(Assert.java:389)
	at org.testng.Assert.assertEquals(Assert.java:399)
	at com.apex.api.core.ApexHttpValidator.performCommonResponseValidations(ApexHttpValidator.java:8)
	at com.apex.customerServiceTest.GetTest.testwithPositiveNumber(GetTest.java:21)
</failure>
  </testcase>
  <testcase classname="com.apex.customerServiceTest.GetTest" name="testwithSpace" time="0.01">
    <failure message="Illegal character in path at index 45: http://www.thomas-bayer.com/sqlrest/CUSTOMER/  " type="java.lang.IllegalArgumentException">java.lang.IllegalArgumentException: Illegal character in path at index 45: http://www.thomas-bayer.com/sqlrest/CUSTOMER/  
	at java.net.URI.create(URI.java:852)
	at org.apache.http.client.methods.HttpGet.&lt;init&gt;(HttpGet.java:66)
	at com.apex.api.core.ApexHttpUtil.sendAndReceiveGETMessage(ApexHttpUtil.java:33)
	at com.apex.customerServiceTest.GetTest.testwithSpace(GetTest.java:52)
Caused by: java.net.URISyntaxException: Illegal character in path at index 45: http://www.thomas-bayer.com/sqlrest/CUSTOMER/  
	at java.net.URI$Parser.fail(URI.java:2848)
	at java.net.URI$Parser.checkChars(URI.java:3021)
	at java.net.URI$Parser.parseHierarchical(URI.java:3105)
	at java.net.URI$Parser.parse(URI.java:3053)
	at java.net.URI.&lt;init&gt;(URI.java:588)
	at java.net.URI.create(URI.java:850)
	... 37 more
</failure>
  </testcase>
  <testcase classname="com.apex.customerServiceTest.GetTest" name="testwithSpecialCharacters" time="0.381"/>
  <testcase classname="com.apex.customerServiceTest.GetTest" name="testwithZeroes" time="0.386">
    <failure message="expected [200] but found [404]" type="java.lang.AssertionError">java.lang.AssertionError: expected [200] but found [404]
	at org.testng.Assert.fail(Assert.java:94)
	at org.testng.Assert.failNotEquals(Assert.java:513)
	at org.testng.Assert.assertEqualsImpl(Assert.java:135)
	at org.testng.Assert.assertEquals(Assert.java:116)
	at org.testng.Assert.assertEquals(Assert.java:389)
	at org.testng.Assert.assertEquals(Assert.java:399)
	at com.apex.api.core.ApexHttpValidator.performCommonResponseValidations(ApexHttpValidator.java:8)
	at com.apex.customerServiceTest.GetTest.testwithZeroes(GetTest.java:60)
</failure>
  </testcase>
  <testcase classname="com.apex.customerServiceTest.PostTest" name="sendPOST" time="0.391"/>
  <testcase classname="com.apex.customerServiceTest.PutTest" name="updatePositiveNumberWithPut" time="0.409"/>
</testsuite>