<?xml version="1.0" encoding="UTF-8"?>
<!-- Generated by org.testng.reporters.JUnitXMLReporter -->
<testsuite hostname="Amruthas-MacBook-Air.local" name="Default test" tests="2" failures="0" timestamp="11 Dec 2019 02:27:20 GMT" time="0.351" errors="0">
  <testcase name="testWithPositiveNumber" time="0.072" classname="com.apex.customerServiceTest.PostDDTest"/>
  <testcase name="testWithPositiveNumber" time="0.01" classname="com.apex.customerServiceTest.PostDDTest"/>
</testsuite> <!-- Default test -->
